This file contains any messages produced by compilers while
running configure, to aid debugging if configure makes a mistake.

It was created by CoGAPS configure 3.1.2, which was
generated by GNU Autoconf 2.69.  Invocation command line was

  $ ./configure 

## --------- ##
## Platform. ##
## --------- ##

hostname = MBL-D518NN2
uname -m = x86_64
uname -r = 4.4.0-43-Microsoft
uname -s = Linux
uname -v = #1-Microsoft Wed Dec 31 14:42:53 PST 2014

/usr/bin/uname -p = unknown
/bin/uname -X     = unknown

/bin/arch              = unknown
/usr/bin/arch -k       = unknown
/usr/convex/getsysinfo = unknown
/usr/bin/hostinfo      = unknown
/bin/machine           = unknown
/usr/bin/oslevel       = unknown
/bin/universe          = unknown

PATH: /usr/local/sbin
PATH: /usr/local/bin
PATH: /usr/sbin
PATH: /usr/bin
PATH: /sbin
PATH: /bin
PATH: /snap/bin


## ----------- ##
## Core tests. ##
## ----------- ##

configure:2189: checking for C++ compiler version
configure:2198: ccache g++ --version >&5
g++ (Ubuntu 5.4.0-6ubuntu1~16.04.9) 5.4.0 20160609
Copyright (C) 2015 Free Software Foundation, Inc.
This is free software; see the source for copying conditions.  There is NO
warranty; not even for MERCHANTABILITY or FITNESS FOR A PARTICULAR PURPOSE.

configure:2209: $? = 0
configure:2198: ccache g++ -v >&5
Using built-in specs.
COLLECT_GCC=/usr/bin/g++
COLLECT_LTO_WRAPPER=/usr/lib/gcc/x86_64-linux-gnu/5/lto-wrapper
Target: x86_64-linux-gnu
Configured with: ../src/configure -v --with-pkgversion='Ubuntu 5.4.0-6ubuntu1~16.04.9' --with-bugurl=file:///usr/share/doc/gcc-5/README.Bugs --enable-languages=c,ada,c++,java,go,d,fortran,objc,obj-c++ --prefix=/usr --program-suffix=-5 --enable-shared --enable-linker-build-id --libexecdir=/usr/lib --without-included-gettext --enable-threads=posix --libdir=/usr/lib --enable-nls --with-sysroot=/ --enable-clocale=gnu --enable-libstdcxx-debug --enable-libstdcxx-time=yes --with-default-libstdcxx-abi=new --enable-gnu-unique-object --disable-vtable-verify --enable-libmpx --enable-plugin --with-system-zlib --disable-browser-plugin --enable-java-awt=gtk --enable-gtk-cairo --with-java-home=/usr/lib/jvm/java-1.5.0-gcj-5-amd64/jre --enable-java-home --with-jvm-root-dir=/usr/lib/jvm/java-1.5.0-gcj-5-amd64 --with-jvm-jar-dir=/usr/lib/jvm-exports/java-1.5.0-gcj-5-amd64 --with-arch-directory=amd64 --with-ecj-jar=/usr/share/java/eclipse-ecj.jar --enable-objc-gc --enable-multiarch --disable-werror --with-arch-32=i686 --with-abi=m64 --with-multilib-list=m32,m64,mx32 --enable-multilib --with-tune=generic --enable-checking=release --build=x86_64-linux-gnu --host=x86_64-linux-gnu --target=x86_64-linux-gnu
Thread model: posix
gcc version 5.4.0 20160609 (Ubuntu 5.4.0-6ubuntu1~16.04.9) 
configure:2209: $? = 0
configure:2198: ccache g++ -V >&5
g++: error: unrecognized command line option '-V'
g++: fatal error: no input files
compilation terminated.
configure:2209: $? = 1
configure:2198: ccache g++ -qversion >&5
g++: error: unrecognized command line option '-qversion'
g++: fatal error: no input files
compilation terminated.
configure:2209: $? = 1
configure:2229: checking whether the C++ compiler works
configure:2251: ccache g++ -UNDEBUG -Wall -pedantic -g -O0   conftest.cpp  >&5
configure:2255: $? = 0
configure:2303: result: yes
configure:2306: checking for C++ compiler default output file name
configure:2308: result: a.out
configure:2314: checking for suffix of executables
configure:2321: ccache g++ -o conftest -UNDEBUG -Wall -pedantic -g -O0   conftest.cpp  >&5
configure:2325: $? = 0
configure:2347: result: 
configure:2369: checking whether we are cross compiling
configure:2377: ccache g++ -o conftest -UNDEBUG -Wall -pedantic -g -O0   conftest.cpp  >&5
configure:2381: $? = 0
configure:2388: ./conftest
configure:2392: $? = 0
configure:2407: result: no
configure:2412: checking for suffix of object files
configure:2434: ccache g++ -c -UNDEBUG -Wall -pedantic -g -O0  conftest.cpp >&5
configure:2438: $? = 0
configure:2459: result: o
configure:2463: checking whether we are using the GNU C++ compiler
configure:2482: ccache g++ -c -UNDEBUG -Wall -pedantic -g -O0  conftest.cpp >&5
configure:2482: $? = 0
configure:2491: result: yes
configure:2500: checking whether ccache g++ accepts -g
configure:2520: ccache g++ -c -g  conftest.cpp >&5
configure:2520: $? = 0
configure:2561: result: yes
configure:2590: checking how to run the C++ preprocessor
configure:2617: ccache g++ -E  conftest.cpp
configure:2617: $? = 0
configure:2631: ccache g++ -E  conftest.cpp
conftest.cpp:9:28: fatal error: ac_nonexistent.h: No such file or directory
compilation terminated.
configure:2631: $? = 1
configure: failed program was:
| /* confdefs.h */
| #define PACKAGE_NAME "CoGAPS"
| #define PACKAGE_TARNAME "cogaps"
| #define PACKAGE_VERSION "3.1.2"
| #define PACKAGE_STRING "CoGAPS 3.1.2"
| #define PACKAGE_BUGREPORT ""
| #define PACKAGE_URL ""
| /* end confdefs.h.  */
| #include <ac_nonexistent.h>
configure:2656: result: ccache g++ -E
configure:2676: ccache g++ -E  conftest.cpp
configure:2676: $? = 0
configure:2690: ccache g++ -E  conftest.cpp
conftest.cpp:9:28: fatal error: ac_nonexistent.h: No such file or directory
compilation terminated.
configure:2690: $? = 1
configure: failed program was:
| /* confdefs.h */
| #define PACKAGE_NAME "CoGAPS"
| #define PACKAGE_TARNAME "cogaps"
| #define PACKAGE_VERSION "3.1.2"
| #define PACKAGE_STRING "CoGAPS 3.1.2"
| #define PACKAGE_BUGREPORT ""
| #define PACKAGE_URL ""
| /* end confdefs.h.  */
| #include <ac_nonexistent.h>
configure:2832: checking for C++ compiler version
configure:2841: ccache g++ --version >&5
g++ (Ubuntu 5.4.0-6ubuntu1~16.04.9) 5.4.0 20160609
Copyright (C) 2015 Free Software Foundation, Inc.
This is free software; see the source for copying conditions.  There is NO
warranty; not even for MERCHANTABILITY or FITNESS FOR A PARTICULAR PURPOSE.

configure:2852: $? = 0
configure:2841: ccache g++ -v >&5
Using built-in specs.
COLLECT_GCC=/usr/bin/g++
COLLECT_LTO_WRAPPER=/usr/lib/gcc/x86_64-linux-gnu/5/lto-wrapper
Target: x86_64-linux-gnu
Configured with: ../src/configure -v --with-pkgversion='Ubuntu 5.4.0-6ubuntu1~16.04.9' --with-bugurl=file:///usr/share/doc/gcc-5/README.Bugs --enable-languages=c,ada,c++,java,go,d,fortran,objc,obj-c++ --prefix=/usr --program-suffix=-5 --enable-shared --enable-linker-build-id --libexecdir=/usr/lib --without-included-gettext --enable-threads=posix --libdir=/usr/lib --enable-nls --with-sysroot=/ --enable-clocale=gnu --enable-libstdcxx-debug --enable-libstdcxx-time=yes --with-default-libstdcxx-abi=new --enable-gnu-unique-object --disable-vtable-verify --enable-libmpx --enable-plugin --with-system-zlib --disable-browser-plugin --enable-java-awt=gtk --enable-gtk-cairo --with-java-home=/usr/lib/jvm/java-1.5.0-gcj-5-amd64/jre --enable-java-home --with-jvm-root-dir=/usr/lib/jvm/java-1.5.0-gcj-5-amd64 --with-jvm-jar-dir=/usr/lib/jvm-exports/java-1.5.0-gcj-5-amd64 --with-arch-directory=amd64 --with-ecj-jar=/usr/share/java/eclipse-ecj.jar --enable-objc-gc --enable-multiarch --disable-werror --with-arch-32=i686 --with-abi=m64 --with-multilib-list=m32,m64,mx32 --enable-multilib --with-tune=generic --enable-checking=release --build=x86_64-linux-gnu --host=x86_64-linux-gnu --target=x86_64-linux-gnu
Thread model: posix
gcc version 5.4.0 20160609 (Ubuntu 5.4.0-6ubuntu1~16.04.9) 
configure:2852: $? = 0
configure:2841: ccache g++ -V >&5
g++: error: unrecognized command line option '-V'
g++: fatal error: no input files
compilation terminated.
configure:2852: $? = 1
configure:2841: ccache g++ -qversion >&5
g++: error: unrecognized command line option '-qversion'
g++: fatal error: no input files
compilation terminated.
configure:2852: $? = 1
configure:2856: checking whether we are using the GNU C++ compiler
configure:2884: result: yes
configure:2893: checking whether ccache g++ accepts -g
configure:2954: result: yes
configure:3011: checking for C++ compiler vendor
configure:3059: ccache g++ -c -UNDEBUG -Wall -pedantic -g -O0  conftest.cpp >&5
conftest.cpp: In function 'int main()':
conftest.cpp:15:9: error: 'thisisanerror' was not declared in this scope
         thisisanerror;
         ^
configure:3059: $? = 1
configure: failed program was:
| /* confdefs.h */
| #define PACKAGE_NAME "CoGAPS"
| #define PACKAGE_TARNAME "cogaps"
| #define PACKAGE_VERSION "3.1.2"
| #define PACKAGE_STRING "CoGAPS 3.1.2"
| #define PACKAGE_BUGREPORT ""
| #define PACKAGE_URL ""
| /* end confdefs.h.  */
| 
| int
| main ()
| {
| 
|       #if !(defined(__ICC) || defined(__ECC) || defined(__INTEL_COMPILER))
|         thisisanerror;
|       #endif
| 
|   ;
|   return 0;
| }
configure:3059: ccache g++ -c -UNDEBUG -Wall -pedantic -g -O0  conftest.cpp >&5
conftest.cpp: In function 'int main()':
conftest.cpp:15:9: error: 'thisisanerror' was not declared in this scope
         thisisanerror;
         ^
configure:3059: $? = 1
configure: failed program was:
| /* confdefs.h */
| #define PACKAGE_NAME "CoGAPS"
| #define PACKAGE_TARNAME "cogaps"
| #define PACKAGE_VERSION "3.1.2"
| #define PACKAGE_STRING "CoGAPS 3.1.2"
| #define PACKAGE_BUGREPORT ""
| #define PACKAGE_URL ""
| /* end confdefs.h.  */
| 
| int
| main ()
| {
| 
|       #if !(defined(__xlc__) || defined(__xlC__) || defined(__IBMC__) || defined(__IBMCPP__))
|         thisisanerror;
|       #endif
| 
|   ;
|   return 0;
| }
configure:3059: ccache g++ -c -UNDEBUG -Wall -pedantic -g -O0  conftest.cpp >&5
conftest.cpp: In function 'int main()':
conftest.cpp:15:9: error: 'thisisanerror' was not declared in this scope
         thisisanerror;
         ^
configure:3059: $? = 1
configure: failed program was:
| /* confdefs.h */
| #define PACKAGE_NAME "CoGAPS"
| #define PACKAGE_TARNAME "cogaps"
| #define PACKAGE_VERSION "3.1.2"
| #define PACKAGE_STRING "CoGAPS 3.1.2"
| #define PACKAGE_BUGREPORT ""
| #define PACKAGE_URL ""
| /* end confdefs.h.  */
| 
| int
| main ()
| {
| 
|       #if !(defined(__PATHCC__) || defined(__PATHSCALE__))
|         thisisanerror;
|       #endif
| 
|   ;
|   return 0;
| }
configure:3059: ccache g++ -c -UNDEBUG -Wall -pedantic -g -O0  conftest.cpp >&5
conftest.cpp: In function 'int main()':
conftest.cpp:15:9: error: 'thisisanerror' was not declared in this scope
         thisisanerror;
         ^
configure:3059: $? = 1
configure: failed program was:
| /* confdefs.h */
| #define PACKAGE_NAME "CoGAPS"
| #define PACKAGE_TARNAME "cogaps"
| #define PACKAGE_VERSION "3.1.2"
| #define PACKAGE_STRING "CoGAPS 3.1.2"
| #define PACKAGE_BUGREPORT ""
| #define PACKAGE_URL ""
| /* end confdefs.h.  */
| 
| int
| main ()
| {
| 
|       #if !(defined(__clang__))
|         thisisanerror;
|       #endif
| 
|   ;
|   return 0;
| }
configure:3059: ccache g++ -c -UNDEBUG -Wall -pedantic -g -O0  conftest.cpp >&5
conftest.cpp: In function 'int main()':
conftest.cpp:15:9: error: 'thisisanerror' was not declared in this scope
         thisisanerror;
         ^
configure:3059: $? = 1
configure: failed program was:
| /* confdefs.h */
| #define PACKAGE_NAME "CoGAPS"
| #define PACKAGE_TARNAME "cogaps"
| #define PACKAGE_VERSION "3.1.2"
| #define PACKAGE_STRING "CoGAPS 3.1.2"
| #define PACKAGE_BUGREPORT ""
| #define PACKAGE_URL ""
| /* end confdefs.h.  */
| 
| int
| main ()
| {
| 
|       #if !(defined(_CRAYC))
|         thisisanerror;
|       #endif
| 
|   ;
|   return 0;
| }
configure:3059: ccache g++ -c -UNDEBUG -Wall -pedantic -g -O0  conftest.cpp >&5
conftest.cpp: In function 'int main()':
conftest.cpp:15:9: error: 'thisisanerror' was not declared in this scope
         thisisanerror;
         ^
configure:3059: $? = 1
configure: failed program was:
| /* confdefs.h */
| #define PACKAGE_NAME "CoGAPS"
| #define PACKAGE_TARNAME "cogaps"
| #define PACKAGE_VERSION "3.1.2"
| #define PACKAGE_STRING "CoGAPS 3.1.2"
| #define PACKAGE_BUGREPORT ""
| #define PACKAGE_URL ""
| /* end confdefs.h.  */
| 
| int
| main ()
| {
| 
|       #if !(defined(__FUJITSU))
|         thisisanerror;
|       #endif
| 
|   ;
|   return 0;
| }
configure:3059: ccache g++ -c -UNDEBUG -Wall -pedantic -g -O0  conftest.cpp >&5
conftest.cpp:14:38: error: operator "defined" requires an identifier
       #if !(defined(SDCC) || defined())
                                      ^
conftest.cpp: In function 'int main()':
conftest.cpp:15:9: error: 'thisisanerror' was not declared in this scope
         thisisanerror;
         ^
configure:3059: $? = 1
configure: failed program was:
| /* confdefs.h */
| #define PACKAGE_NAME "CoGAPS"
| #define PACKAGE_TARNAME "cogaps"
| #define PACKAGE_VERSION "3.1.2"
| #define PACKAGE_STRING "CoGAPS 3.1.2"
| #define PACKAGE_BUGREPORT ""
| #define PACKAGE_URL ""
| /* end confdefs.h.  */
| 
| int
| main ()
| {
| 
|       #if !(defined(SDCC) || defined())
|         thisisanerror;
|       #endif
| 
|   ;
|   return 0;
| }
configure:3059: ccache g++ -c -UNDEBUG -Wall -pedantic -g -O0  conftest.cpp >&5
conftest.cpp: In function 'int main()':
conftest.cpp:15:9: error: 'thisisanerror' was not declared in this scope
         thisisanerror;
         ^
configure:3059: $? = 1
configure: failed program was:
| /* confdefs.h */
| #define PACKAGE_NAME "CoGAPS"
| #define PACKAGE_TARNAME "cogaps"
| #define PACKAGE_VERSION "3.1.2"
| #define PACKAGE_STRING "CoGAPS 3.1.2"
| #define PACKAGE_BUGREPORT ""
| #define PACKAGE_URL ""
| /* end confdefs.h.  */
| 
| int
| main ()
| {
| 
|       #if !(defined(__SDCC))
|         thisisanerror;
|       #endif
| 
|   ;
|   return 0;
| }
configure:3059: ccache g++ -c -UNDEBUG -Wall -pedantic -g -O0  conftest.cpp >&5
configure:3059: $? = 0
configure:3067: result: gnu
configure:3070: checking for a sed that does not truncate output
configure:3134: result: /bin/sed
configure:3141: checking for C++ compiler version
configure:3363: ccache g++ -o conftest -UNDEBUG -Wall -pedantic -g -O0   conftest.cpp  >&5
configure:3363: $? = 0
configure:3363: ./conftest
configure:3363: $? = 0
configure:3372: ccache g++ -o conftest -UNDEBUG -Wall -pedantic -g -O0   conftest.cpp  >&5
configure:3372: $? = 0
configure:3372: ./conftest
configure:3372: $? = 0
configure:3381: ccache g++ -o conftest -UNDEBUG -Wall -pedantic -g -O0   conftest.cpp  >&5
configure:3381: $? = 0
configure:3381: ./conftest
configure:3381: $? = 0
configure:4098: result: 5.4.0
configure:4103: checking for OpenMP flag of C++ compiler
configure:4148: ccache g++ -o conftest -UNDEBUG -Wall -pedantic -g -O0 -fopenmp   conftest.cpp  >&5
configure:4148: $? = 0
configure:4157: result: -fopenmp
configure:4365: checking whether C++ compiler accepts -msse4.2
configure:4384: ccache g++ -c -UNDEBUG -Wall -pedantic -g -O0  -msse4.2  conftest.cpp >&5
configure:4384: $? = 0
configure:4392: result: yes
configure:4639: creating ./config.status

## ---------------------- ##
## Running config.status. ##
## ---------------------- ##

This file was extended by CoGAPS config.status 3.1.2, which was
generated by GNU Autoconf 2.69.  Invocation command line was

  CONFIG_FILES    = 
  CONFIG_HEADERS  = 
  CONFIG_LINKS    = 
  CONFIG_COMMANDS = 
  $ ./config.status 

on MBL-D518NN2

config.status:725: creating src/Makevars

## ---------------- ##
## Cache variables. ##
## ---------------- ##

ac_cv_cxx_compiler_gnu=yes
ac_cv_env_CCC_set=
ac_cv_env_CCC_value=
ac_cv_env_CPPFLAGS_set=
ac_cv_env_CPPFLAGS_value=
ac_cv_env_CXXCPP_set=
ac_cv_env_CXXCPP_value=
ac_cv_env_CXXFLAGS_set=set
ac_cv_env_CXXFLAGS_value='-UNDEBUG -Wall -pedantic -g -O0'
ac_cv_env_CXX_set=
ac_cv_env_CXX_value=
ac_cv_env_LDFLAGS_set=
ac_cv_env_LDFLAGS_value=
ac_cv_env_LIBS_set=
ac_cv_env_LIBS_value=
ac_cv_env_build_alias_set=
ac_cv_env_build_alias_value=
ac_cv_env_host_alias_set=
ac_cv_env_host_alias_value=
ac_cv_env_target_alias_set=
ac_cv_env_target_alias_value=
ac_cv_objext=o
ac_cv_path_SED=/bin/sed
ac_cv_prog_CXXCPP='ccache g++ -E'
ac_cv_prog_cxx_g=yes
ax_cv_check_cxxflags___msse4_2=yes
ax_cv_cxx_compiler_vendor=gnu
ax_cv_cxx_compiler_version=5.4.0
ax_cv_cxx_openmp=-fopenmp

## ----------------- ##
## Output variables. ##
## ----------------- ##

CPPFLAGS=''
CXX='ccache g++'
CXXCPP='ccache g++ -E'
CXXFLAGS='-UNDEBUG -Wall -pedantic -g -O0'
DEFS='-DPACKAGE_NAME=\"CoGAPS\" -DPACKAGE_TARNAME=\"cogaps\" -DPACKAGE_VERSION=\"3.1.2\" -DPACKAGE_STRING=\"CoGAPS\ 3.1.2\" -DPACKAGE_BUGREPORT=\"\" -DPACKAGE_URL=\"\" -DHAVE_OPENMP=1'
ECHO_C=''
ECHO_N='-n'
ECHO_T=''
EXEEXT=''
GAPS_CPP_FLAGS=' -DBOOST_MATH_PROMOTE_DOUBLE_POLICY=0 -D__GAPS_R_BUILD__ '
GAPS_CXX_FLAGS=' -fopenmp  -msse4.2 '
GAPS_LIBS=' -fopenmp '
LDFLAGS=''
LIBOBJS=''
LIBS=''
LTLIBOBJS=''
OBJEXT='o'
PACKAGE_BUGREPORT=''
PACKAGE_NAME='CoGAPS'
PACKAGE_STRING='CoGAPS 3.1.2'
PACKAGE_TARNAME='cogaps'
PACKAGE_URL=''
PACKAGE_VERSION='3.1.2'
PATH_SEPARATOR=':'
SED='/bin/sed'
SHELL='/bin/bash'
ac_ct_CXX=''
bindir='${exec_prefix}/bin'
build_alias=''
datadir='${datarootdir}'
datarootdir='${prefix}/share'
docdir='${datarootdir}/doc/${PACKAGE_TARNAME}'
dvidir='${docdir}'
exec_prefix='${prefix}'
host_alias=''
htmldir='${docdir}'
includedir='${prefix}/include'
infodir='${datarootdir}/info'
libdir='${exec_prefix}/lib'
libexecdir='${exec_prefix}/libexec'
localedir='${datarootdir}/locale'
localstatedir='${prefix}/var'
mandir='${datarootdir}/man'
oldincludedir='/usr/include'
pdfdir='${docdir}'
prefix='/usr/local'
program_transform_name='s,x,x,'
psdir='${docdir}'
runstatedir='${localstatedir}/run'
sbindir='${exec_prefix}/sbin'
sharedstatedir='${prefix}/com'
sysconfdir='${prefix}/etc'
target_alias=''

## ----------- ##
## confdefs.h. ##
## ----------- ##

/* confdefs.h */
#define PACKAGE_NAME "CoGAPS"
#define PACKAGE_TARNAME "cogaps"
#define PACKAGE_VERSION "3.1.2"
#define PACKAGE_STRING "CoGAPS 3.1.2"
#define PACKAGE_BUGREPORT ""
#define PACKAGE_URL ""
#define HAVE_OPENMP 1

configure: exit 0
